<?xml version="1.0" encoding="UTF-8"?>
<!-- Generated by org.testng.reporters.JUnitReportReporter -->
<testsuite hostname="LAPTOP-3HNND56P" failures="0" tests="4" name="testcases.LoginTest" time="53.272" errors="0" timestamp="2022-03-13T09:35:56 IST" skipped="0">
  <testcase classname="testcases.LoginTest" name="LoginSuccessTest" time="13.690"/>
  <system-out/>
  <testcase classname="testcases.LoginTest" name="ExternalDataTest" time="12.017"/>
  <system-out/>
  <testcase classname="testcases.LoginTest" name="LoginFailiureTest" time="15.296"/>
  <system-out/>
  <testcase classname="testcases.LoginTest" name="ParamererizedTest" time="12.269"/>
  <system-out/>
</testsuite> <!-- testcases.LoginTest -->
