<?xml version="1.0" encoding="UTF-8"?>
<!-- Generated by org.testng.reporters.JUnitReportReporter -->
<testsuite hostname="LAPTOP-3HNND56P" failures="0" tests="4" name="testcases.LoginTest" time="75.526" errors="0" timestamp="2022-03-19T11:20:36 IST" skipped="0">
  <testcase classname="testcases.LoginTest" name="LoginSuccessTest" time="18.253"/>
  <system-out/>
  <testcase classname="testcases.LoginTest" name="ExternalDataTest" time="17.907"/>
  <system-out/>
  <testcase classname="testcases.LoginTest" name="LoginFailiureTest" time="23.686"/>
  <system-out/>
  <testcase classname="testcases.LoginTest" name="ParamererizedTest" time="15.680"/>
  <system-out/>
</testsuite> <!-- testcases.LoginTest -->
