<?xml version="1.0" encoding="UTF-8"?>
<!-- Generated by org.testng.reporters.JUnitReportReporter -->
<testsuite hostname="LAPTOP-3HNND56P" failures="0" tests="4" name="testcases.LoginTest" time="273.504" errors="0" timestamp="2022-03-19T14:23:15 IST" skipped="0">
  <testcase classname="testcases.LoginTest" name="LoginFailiureTest" time="25.866"/>
  <system-out/>
  <testcase classname="testcases.LoginTest" name="LoginSuccessTest" time="74.032"/>
  <system-out/>
  <testcase classname="testcases.LoginTest" name="ExternalDataTest" time="27.897"/>
  <system-out/>
  <testcase classname="testcases.LoginTest" name="ParameterizedTest" time="145.709"/>
  <system-out/>
</testsuite> <!-- testcases.LoginTest -->
